<?xml version="1.0" encoding="UTF-8"?>
<!-- Generated by org.testng.reporters.JUnitReportReporter -->
<testsuite hostname="DESKTOP-8D03G2C" failures="0" tests="6" name="SkyalertTest" time="0.299" errors="0" timestamp="2021-07-25T16:41:30 PET" skipped="0">
  <testcase classname="SkyalertTest" name="main" time="0.056"/>
  <system-out/>
  <testcase classname="SkyalertTest" name="addAerolinea" time="0.058"/>
  <system-out/>
  <testcase classname="SkyalertTest" name="addObserver" time="0.033"/>
  <system-out/>
  <testcase classname="SkyalertTest" name="removeObserver" time="0.035"/>
  <system-out/>
  <testcase classname="SkyalertTest" name="findMatch" time="0.059"/>
  <system-out/>
  <testcase classname="SkyalertTest" name="cantFindMatch" time="0.058"/>
  <system-out/>
</testsuite> <!-- SkyalertTest -->
