<?xml version="1.0" encoding="UTF-8"?>
<!-- Generated by org.testng.reporters.JUnitReportReporter -->
<testsuite hostname="DESKTOP-8D03G2C" failures="0" tests="5" name="SkyalertTest" time="0.277" errors="0" timestamp="2021-07-25T16:25:08 PET" skipped="0">
  <testcase classname="SkyalertTest" name="findMatch" time="0.067"/>
  <system-out/>
  <testcase classname="SkyalertTest" name="addAerolinea" time="0.068"/>
  <system-out/>
  <testcase classname="SkyalertTest" name="cantFindMatch" time="0.068"/>
  <system-out/>
  <testcase classname="SkyalertTest" name="removeObserver" time="0.038"/>
  <system-out/>
  <testcase classname="SkyalertTest" name="addObserver" time="0.036"/>
  <system-out/>
</testsuite> <!-- SkyalertTest -->
