<?xml version="1.0" encoding="UTF-8"?>
<!-- Generated by org.testng.reporters.JUnitReportReporter -->
<testsuite hostname="DESKTOP-8D03G2C" failures="0" tests="5" name="SkyalertTest" time="0.354" errors="0" timestamp="2021-07-25T19:02:52 PET" skipped="0">
  <testcase classname="SkyalertTest" name="cantFindMatch" time="0.088"/>
  <system-out/>
  <testcase classname="SkyalertTest" name="findMatch" time="0.087"/>
  <system-out/>
  <testcase classname="SkyalertTest" name="addAerolinea" time="0.088"/>
  <system-out/>
  <testcase classname="SkyalertTest" name="removeObserver" time="0.046"/>
  <system-out/>
  <testcase classname="SkyalertTest" name="addObserver" time="0.045"/>
  <system-out/>
</testsuite> <!-- SkyalertTest -->
